{"/Users/Andy/Documents/javascript/koa-notes-api/controllers/notes-controller.js": {"path":"/Users/Andy/Documents/javascript/koa-notes-api/controllers/notes-controller.js","statementMap":{"0":{"start":{"line":1,"column":23},"end":{"line":1,"column":47}},"1":{"start":{"line":2,"column":20},"end":{"line":2,"column":52}},"2":{"start":{"line":3,"column":19},"end":{"line":3,"column":47}},"3":{"start":{"line":4,"column":13},"end":{"line":4,"column":38}},"4":{"start":{"line":7,"column":2},"end":{"line":31,"column":3}},"5":{"start":{"line":8,"column":29},"end":{"line":8,"column":66}},"6":{"start":{"line":10,"column":4},"end":{"line":16,"column":5}},"7":{"start":{"line":11,"column":6},"end":{"line":11,"column":51}},"8":{"start":{"line":12,"column":6},"end":{"line":15,"column":9}},"9":{"start":{"line":18,"column":17},"end":{"line":18,"column":32}},"10":{"start":{"line":19,"column":4},"end":{"line":19,"column":22}},"11":{"start":{"line":21,"column":4},"end":{"line":21,"column":40}},"12":{"start":{"line":22,"column":4},"end":{"line":25,"column":6}},"13":{"start":{"line":27,"column":4},"end":{"line":27,"column":59}},"14":{"start":{"line":28,"column":4},"end":{"line":30,"column":6}},"15":{"start":{"line":35,"column":2},"end":{"line":48,"column":3}},"16":{"start":{"line":36,"column":18},"end":{"line":36,"column":37}},"17":{"start":{"line":38,"column":4},"end":{"line":38,"column":40}},"18":{"start":{"line":39,"column":4},"end":{"line":42,"column":6}},"19":{"start":{"line":44,"column":4},"end":{"line":44,"column":59}},"20":{"start":{"line":45,"column":4},"end":{"line":47,"column":6}},"21":{"start":{"line":52,"column":2},"end":{"line":72,"column":3}},"22":{"start":{"line":53,"column":17},"end":{"line":53,"column":51}},"23":{"start":{"line":55,"column":4},"end":{"line":60,"column":5}},"24":{"start":{"line":56,"column":6},"end":{"line":56,"column":49}},"25":{"start":{"line":57,"column":6},"end":{"line":59,"column":9}},"26":{"start":{"line":62,"column":4},"end":{"line":62,"column":40}},"27":{"start":{"line":63,"column":4},"end":{"line":66,"column":6}},"28":{"start":{"line":68,"column":4},"end":{"line":68,"column":59}},"29":{"start":{"line":69,"column":4},"end":{"line":71,"column":6}},"30":{"start":{"line":76,"column":2},"end":{"line":109,"column":3}},"31":{"start":{"line":77,"column":19},"end":{"line":77,"column":35}},"32":{"start":{"line":78,"column":29},"end":{"line":78,"column":56}},"33":{"start":{"line":80,"column":4},"end":{"line":86,"column":5}},"34":{"start":{"line":81,"column":6},"end":{"line":81,"column":51}},"35":{"start":{"line":82,"column":6},"end":{"line":85,"column":9}},"36":{"start":{"line":88,"column":17},"end":{"line":90,"column":6}},"37":{"start":{"line":92,"column":4},"end":{"line":97,"column":5}},"38":{"start":{"line":93,"column":6},"end":{"line":93,"column":49}},"39":{"start":{"line":94,"column":6},"end":{"line":96,"column":9}},"40":{"start":{"line":99,"column":4},"end":{"line":99,"column":40}},"41":{"start":{"line":100,"column":4},"end":{"line":103,"column":6}},"42":{"start":{"line":105,"column":4},"end":{"line":105,"column":59}},"43":{"start":{"line":106,"column":4},"end":{"line":108,"column":6}},"44":{"start":{"line":112,"column":0},"end":{"line":117,"column":2}}},"fnMap":{"0":{"name":"addNote","decl":{"start":{"line":6,"column":15},"end":{"line":6,"column":22}},"loc":{"start":{"line":6,"column":28},"end":{"line":32,"column":1}},"line":6},"1":{"name":"getNotes","decl":{"start":{"line":34,"column":15},"end":{"line":34,"column":23}},"loc":{"start":{"line":34,"column":29},"end":{"line":49,"column":1}},"line":34},"2":{"name":"getNoteById","decl":{"start":{"line":51,"column":15},"end":{"line":51,"column":26}},"loc":{"start":{"line":51,"column":32},"end":{"line":73,"column":1}},"line":51},"3":{"name":"updateNote","decl":{"start":{"line":75,"column":15},"end":{"line":75,"column":25}},"loc":{"start":{"line":75,"column":31},"end":{"line":110,"column":1}},"line":75}},"branchMap":{"0":{"loc":{"start":{"line":10,"column":4},"end":{"line":16,"column":5}},"type":"if","locations":[{"start":{"line":10,"column":4},"end":{"line":16,"column":5}},{"start":{"line":10,"column":4},"end":{"line":16,"column":5}}],"line":10},"1":{"loc":{"start":{"line":55,"column":4},"end":{"line":60,"column":5}},"type":"if","locations":[{"start":{"line":55,"column":4},"end":{"line":60,"column":5}},{"start":{"line":55,"column":4},"end":{"line":60,"column":5}}],"line":55},"2":{"loc":{"start":{"line":80,"column":4},"end":{"line":86,"column":5}},"type":"if","locations":[{"start":{"line":80,"column":4},"end":{"line":86,"column":5}},{"start":{"line":80,"column":4},"end":{"line":86,"column":5}}],"line":80},"3":{"loc":{"start":{"line":92,"column":4},"end":{"line":97,"column":5}},"type":"if","locations":[{"start":{"line":92,"column":4},"end":{"line":97,"column":5}},{"start":{"line":92,"column":4},"end":{"line":97,"column":5}}],"line":92}},"s":{"0":1,"1":1,"2":1,"3":1,"4":3,"5":3,"6":3,"7":2,"8":2,"9":1,"10":1,"11":1,"12":1,"13":0,"14":0,"15":5,"16":5,"17":5,"18":5,"19":0,"20":0,"21":4,"22":4,"23":3,"24":1,"25":1,"26":2,"27":2,"28":1,"29":1,"30":2,"31":2,"32":2,"33":2,"34":0,"35":0,"36":2,"37":2,"38":1,"39":1,"40":1,"41":1,"42":0,"43":0,"44":1},"f":{"0":3,"1":5,"2":4,"3":2},"b":{"0":[2,1],"1":[1,2],"2":[0,2],"3":[1,1]},"_coverageSchema":"43e27e138ebf9cfc5966b082cf9a028302ed4184","hash":"4026c3a4ce207a613de7253f8d5d5e403bc70b51"}
,"/Users/Andy/Documents/javascript/koa-notes-api/db/index.js": {"path":"/Users/Andy/Documents/javascript/koa-notes-api/db/index.js","statementMap":{"0":{"start":{"line":1,"column":17},"end":{"line":1,"column":36}},"1":{"start":{"line":2,"column":0},"end":{"line":2,"column":27}},"2":{"start":{"line":5,"column":2},"end":{"line":7,"column":27}},"3":{"start":{"line":9,"column":0},"end":{"line":9,"column":62}},"4":{"start":{"line":11,"column":11},"end":{"line":11,"column":30}},"5":{"start":{"line":12,"column":0},"end":{"line":12,"column":65}},"6":{"start":{"line":13,"column":0},"end":{"line":19,"column":3}},"7":{"start":{"line":14,"column":2},"end":{"line":18,"column":4}},"8":{"start":{"line":21,"column":0},"end":{"line":21,"column":20}}},"fnMap":{"0":{"name":"(anonymous_0)","decl":{"start":{"line":13,"column":16},"end":{"line":13,"column":17}},"loc":{"start":{"line":13,"column":27},"end":{"line":19,"column":1}},"line":13}},"branchMap":{"0":{"loc":{"start":{"line":5,"column":2},"end":{"line":7,"column":27}},"type":"cond-expr","locations":[{"start":{"line":6,"column":6},"end":{"line":6,"column":32}},{"start":{"line":7,"column":6},"end":{"line":7,"column":27}}],"line":5},"1":{"loc":{"start":{"line":16,"column":6},"end":{"line":16,"column":67}},"type":"cond-expr","locations":[{"start":{"line":16,"column":40},"end":{"line":16,"column":55}},{"start":{"line":16,"column":58},"end":{"line":16,"column":67}}],"line":16}},"s":{"0":1,"1":1,"2":1,"3":1,"4":1,"5":1,"6":1,"7":1,"8":1},"f":{"0":1},"b":{"0":[1,0],"1":[1,0]},"_coverageSchema":"43e27e138ebf9cfc5966b082cf9a028302ed4184","hash":"a77e81a526376552e85a546a74bfe44ed69acabb"}
,"/Users/Andy/Documents/javascript/koa-notes-api/middleware/error-handler.js": {"path":"/Users/Andy/Documents/javascript/koa-notes-api/middleware/error-handler.js","statementMap":{"0":{"start":{"line":1,"column":0},"end":{"line":17,"column":2}},"1":{"start":{"line":1,"column":23},"end":{"line":17,"column":1}},"2":{"start":{"line":2,"column":2},"end":{"line":16,"column":3}},"3":{"start":{"line":3,"column":4},"end":{"line":3,"column":17}},"4":{"start":{"line":5,"column":4},"end":{"line":5,"column":35}},"5":{"start":{"line":6,"column":4},"end":{"line":14,"column":5}},"6":{"start":{"line":7,"column":6},"end":{"line":9,"column":8}},"7":{"start":{"line":11,"column":6},"end":{"line":13,"column":8}},"8":{"start":{"line":15,"column":4},"end":{"line":15,"column":36}}},"fnMap":{"0":{"name":"(anonymous_0)","decl":{"start":{"line":1,"column":17},"end":{"line":1,"column":18}},"loc":{"start":{"line":1,"column":23},"end":{"line":17,"column":1}},"line":1},"1":{"name":"(anonymous_1)","decl":{"start":{"line":1,"column":23},"end":{"line":1,"column":24}},"loc":{"start":{"line":1,"column":44},"end":{"line":17,"column":1}},"line":1}},"branchMap":{"0":{"loc":{"start":{"line":5,"column":17},"end":{"line":5,"column":34}},"type":"binary-expr","locations":[{"start":{"line":5,"column":17},"end":{"line":5,"column":27}},{"start":{"line":5,"column":31},"end":{"line":5,"column":34}}],"line":5},"1":{"loc":{"start":{"line":6,"column":4},"end":{"line":14,"column":5}},"type":"if","locations":[{"start":{"line":6,"column":4},"end":{"line":14,"column":5}},{"start":{"line":6,"column":4},"end":{"line":14,"column":5}}],"line":6}},"s":{"0":1,"1":1,"2":0,"3":0,"4":0,"5":0,"6":0,"7":0,"8":0},"f":{"0":1,"1":0},"b":{"0":[0,0],"1":[0,0]},"_coverageSchema":"43e27e138ebf9cfc5966b082cf9a028302ed4184","hash":"ec7ae661db577720163169e04686d80014ba79d7"}
,"/Users/Andy/Documents/javascript/koa-notes-api/models/Note.js": {"path":"/Users/Andy/Documents/javascript/koa-notes-api/models/Note.js","statementMap":{"0":{"start":{"line":1,"column":17},"end":{"line":1,"column":36}},"1":{"start":{"line":3,"column":17},"end":{"line":6,"column":2}},"2":{"start":{"line":8,"column":13},"end":{"line":8,"column":47}},"3":{"start":{"line":10,"column":0},"end":{"line":10,"column":22}}},"fnMap":{},"branchMap":{},"s":{"0":1,"1":1,"2":1,"3":1},"f":{},"b":{},"_coverageSchema":"43e27e138ebf9cfc5966b082cf9a028302ed4184","hash":"36dd39d0d7a33edd3ed7c2668a4059db6e5e543d"}
,"/Users/Andy/Documents/javascript/koa-notes-api/routes/index.js": {"path":"/Users/Andy/Documents/javascript/koa-notes-api/routes/index.js","statementMap":{"0":{"start":{"line":1,"column":15},"end":{"line":1,"column":36}},"1":{"start":{"line":2,"column":15},"end":{"line":4,"column":2}},"2":{"start":{"line":6,"column":24},"end":{"line":6,"column":66}},"3":{"start":{"line":8,"column":0},"end":{"line":8,"column":47}},"4":{"start":{"line":9,"column":0},"end":{"line":9,"column":54}},"5":{"start":{"line":10,"column":0},"end":{"line":10,"column":47}},"6":{"start":{"line":11,"column":0},"end":{"line":11,"column":53}},"7":{"start":{"line":13,"column":0},"end":{"line":13,"column":24}}},"fnMap":{},"branchMap":{},"s":{"0":1,"1":1,"2":1,"3":1,"4":1,"5":1,"6":1,"7":1},"f":{},"b":{},"_coverageSchema":"43e27e138ebf9cfc5966b082cf9a028302ed4184","hash":"4fc750010b593322d20b16f37e55831d21932ca0"}
,"/Users/Andy/Documents/javascript/koa-notes-api/server/index.js": {"path":"/Users/Andy/Documents/javascript/koa-notes-api/server/index.js","statementMap":{"0":{"start":{"line":3,"column":12},"end":{"line":3,"column":26}},"1":{"start":{"line":4,"column":15},"end":{"line":4,"column":36}},"2":{"start":{"line":5,"column":19},"end":{"line":5,"column":44}},"3":{"start":{"line":7,"column":12},"end":{"line":7,"column":21}},"4":{"start":{"line":9,"column":15},"end":{"line":9,"column":35}},"5":{"start":{"line":10,"column":11},"end":{"line":10,"column":27}},"6":{"start":{"line":11,"column":21},"end":{"line":11,"column":59}},"7":{"start":{"line":13,"column":0},"end":{"line":13,"column":22}},"8":{"start":{"line":15,"column":0},"end":{"line":17,"column":1}},"9":{"start":{"line":16,"column":2},"end":{"line":16,"column":20}},"10":{"start":{"line":19,"column":0},"end":{"line":19,"column":25}},"11":{"start":{"line":20,"column":0},"end":{"line":20,"column":33}},"12":{"start":{"line":21,"column":0},"end":{"line":21,"column":24}},"13":{"start":{"line":23,"column":0},"end":{"line":25,"column":3}},"14":{"start":{"line":24,"column":2},"end":{"line":24,"column":19}},"15":{"start":{"line":27,"column":13},"end":{"line":27,"column":37}},"16":{"start":{"line":28,"column":15},"end":{"line":28,"column":31}},"17":{"start":{"line":30,"column":0},"end":{"line":30,"column":24}}},"fnMap":{"0":{"name":"(anonymous_0)","decl":{"start":{"line":23,"column":16},"end":{"line":23,"column":17}},"loc":{"start":{"line":23,"column":30},"end":{"line":25,"column":1}},"line":23}},"branchMap":{"0":{"loc":{"start":{"line":15,"column":0},"end":{"line":17,"column":1}},"type":"if","locations":[{"start":{"line":15,"column":0},"end":{"line":17,"column":1}},{"start":{"line":15,"column":0},"end":{"line":17,"column":1}}],"line":15},"1":{"loc":{"start":{"line":27,"column":13},"end":{"line":27,"column":37}},"type":"binary-expr","locations":[{"start":{"line":27,"column":13},"end":{"line":27,"column":29}},{"start":{"line":27,"column":33},"end":{"line":27,"column":37}}],"line":27}},"s":{"0":1,"1":1,"2":1,"3":1,"4":1,"5":1,"6":1,"7":1,"8":1,"9":0,"10":1,"11":1,"12":1,"13":1,"14":0,"15":1,"16":1,"17":1},"f":{"0":0},"b":{"0":[0,1],"1":[1,1]},"_coverageSchema":"43e27e138ebf9cfc5966b082cf9a028302ed4184","hash":"e7fedb5403463864bdc06bab4957e4554a7aaa78"}
,"/Users/Andy/Documents/javascript/koa-notes-api/utilities/is-valid.js": {"path":"/Users/Andy/Documents/javascript/koa-notes-api/utilities/is-valid.js","statementMap":{"0":{"start":{"line":1,"column":12},"end":{"line":1,"column":32}},"1":{"start":{"line":4,"column":2},"end":{"line":4,"column":45}},"2":{"start":{"line":7,"column":0},"end":{"line":9,"column":2}}},"fnMap":{"0":{"name":"isValid","decl":{"start":{"line":3,"column":9},"end":{"line":3,"column":16}},"loc":{"start":{"line":3,"column":40},"end":{"line":5,"column":1}},"line":3}},"branchMap":{},"s":{"0":1,"1":5,"2":1},"f":{"0":5},"b":{},"_coverageSchema":"43e27e138ebf9cfc5966b082cf9a028302ed4184","hash":"110ce0f807a9d0ee758d7ddde7d974212b31656f"}
,"/Users/Andy/Documents/javascript/koa-notes-api/utilities/populate-test-db.js": {"path":"/Users/Andy/Documents/javascript/koa-notes-api/utilities/populate-test-db.js","statementMap":{"0":{"start":{"line":1,"column":13},"end":{"line":1,"column":38}},"1":{"start":{"line":2,"column":14},"end":{"line":2,"column":30}},"2":{"start":{"line":5,"column":16},"end":{"line":8,"column":4}},"3":{"start":{"line":10,"column":16},"end":{"line":13,"column":4}},"4":{"start":{"line":15,"column":2},"end":{"line":15,"column":21}},"5":{"start":{"line":16,"column":2},"end":{"line":16,"column":21}},"6":{"start":{"line":19,"column":0},"end":{"line":19,"column":36}}},"fnMap":{"0":{"name":"populateTestDb","decl":{"start":{"line":4,"column":15},"end":{"line":4,"column":29}},"loc":{"start":{"line":4,"column":32},"end":{"line":17,"column":1}},"line":4}},"branchMap":{},"s":{"0":1,"1":1,"2":11,"3":11,"4":11,"5":11,"6":1},"f":{"0":11},"b":{},"_coverageSchema":"43e27e138ebf9cfc5966b082cf9a028302ed4184","hash":"dda159b2b0fc83c48722b8fa4b5a93318d047750"}
,"/Users/Andy/Documents/javascript/koa-notes-api/validation/index.js": {"path":"/Users/Andy/Documents/javascript/koa-notes-api/validation/index.js","statementMap":{"0":{"start":{"line":1,"column":12},"end":{"line":1,"column":32}},"1":{"start":{"line":3,"column":19},"end":{"line":10,"column":2}},"2":{"start":{"line":12,"column":0},"end":{"line":14,"column":2}}},"fnMap":{},"branchMap":{},"s":{"0":1,"1":1,"2":1},"f":{},"b":{},"_coverageSchema":"43e27e138ebf9cfc5966b082cf9a028302ed4184","hash":"d23f2cb31ddaa81a6072a0c79dcd339f35e6b046"}
}
