TN:
SF:/Users/Andy/Documents/javascript/koa-notes-api/controllers/notes-controller.js
FN:6,addNote
FN:34,getNotes
FN:51,getNoteById
FN:75,updateNote
FNF:4
FNH:4
FNDA:3,addNote
FNDA:5,getNotes
FNDA:4,getNoteById
FNDA:2,updateNote
DA:1,1
DA:2,1
DA:3,1
DA:4,1
DA:7,3
DA:8,3
DA:10,3
DA:11,2
DA:12,2
DA:18,1
DA:19,1
DA:21,1
DA:22,1
DA:27,0
DA:28,0
DA:35,5
DA:36,5
DA:38,5
DA:39,5
DA:44,0
DA:45,0
DA:52,4
DA:53,4
DA:55,3
DA:56,1
DA:57,1
DA:62,2
DA:63,2
DA:68,1
DA:69,1
DA:76,2
DA:77,2
DA:78,2
DA:80,2
DA:81,0
DA:82,0
DA:88,2
DA:92,2
DA:93,1
DA:94,1
DA:99,1
DA:100,1
DA:105,0
DA:106,0
DA:112,1
LF:45
LH:37
BRDA:10,0,0,2
BRDA:10,0,1,1
BRDA:55,1,0,1
BRDA:55,1,1,2
BRDA:80,2,0,0
BRDA:80,2,1,2
BRDA:92,3,0,1
BRDA:92,3,1,1
BRF:8
BRH:7
end_of_record
TN:
SF:/Users/Andy/Documents/javascript/koa-notes-api/db/index.js
FN:13,(anonymous_0)
FNF:1
FNH:1
FNDA:1,(anonymous_0)
DA:1,1
DA:2,1
DA:5,1
DA:9,1
DA:11,1
DA:12,1
DA:13,1
DA:14,1
DA:21,1
LF:9
LH:9
BRDA:5,0,0,1
BRDA:5,0,1,0
BRDA:16,1,0,1
BRDA:16,1,1,0
BRF:4
BRH:2
end_of_record
TN:
SF:/Users/Andy/Documents/javascript/koa-notes-api/middleware/error-handler.js
FN:1,(anonymous_0)
FN:1,(anonymous_1)
FNF:2
FNH:1
FNDA:1,(anonymous_0)
FNDA:0,(anonymous_1)
DA:1,1
DA:2,0
DA:3,0
DA:5,0
DA:6,0
DA:7,0
DA:11,0
DA:15,0
LF:8
LH:1
BRDA:5,0,0,0
BRDA:5,0,1,0
BRDA:6,1,0,0
BRDA:6,1,1,0
BRF:4
BRH:0
end_of_record
TN:
SF:/Users/Andy/Documents/javascript/koa-notes-api/models/Note.js
FNF:0
FNH:0
DA:1,1
DA:3,1
DA:8,1
DA:10,1
LF:4
LH:4
BRF:0
BRH:0
end_of_record
TN:
SF:/Users/Andy/Documents/javascript/koa-notes-api/routes/index.js
FNF:0
FNH:0
DA:1,1
DA:2,1
DA:6,1
DA:8,1
DA:9,1
DA:10,1
DA:11,1
DA:13,1
LF:8
LH:8
BRF:0
BRH:0
end_of_record
TN:
SF:/Users/Andy/Documents/javascript/koa-notes-api/server/index.js
FN:23,(anonymous_0)
FNF:1
FNH:0
FNDA:0,(anonymous_0)
DA:3,1
DA:4,1
DA:5,1
DA:7,1
DA:9,1
DA:10,1
DA:11,1
DA:13,1
DA:15,1
DA:16,0
DA:19,1
DA:20,1
DA:21,1
DA:23,1
DA:24,0
DA:27,1
DA:28,1
DA:30,1
LF:18
LH:16
BRDA:15,0,0,0
BRDA:15,0,1,1
BRDA:27,1,0,1
BRDA:27,1,1,1
BRF:4
BRH:3
end_of_record
TN:
SF:/Users/Andy/Documents/javascript/koa-notes-api/utilities/is-valid.js
FN:3,isValid
FNF:1
FNH:1
FNDA:5,isValid
DA:1,1
DA:4,5
DA:7,1
LF:3
LH:3
BRF:0
BRH:0
end_of_record
TN:
SF:/Users/Andy/Documents/javascript/koa-notes-api/utilities/populate-test-db.js
FN:4,populateTestDb
FNF:1
FNH:1
FNDA:11,populateTestDb
DA:1,1
DA:2,1
DA:5,11
DA:10,11
DA:15,11
DA:16,11
DA:19,1
LF:7
LH:7
BRF:0
BRH:0
end_of_record
TN:
SF:/Users/Andy/Documents/javascript/koa-notes-api/validation/index.js
FNF:0
FNH:0
DA:1,1
DA:3,1
DA:12,1
LF:3
LH:3
BRF:0
BRH:0
end_of_record
